
state 0
	$accept: .squirtle $end 
	raw_subject: .    (12)

	BNODE  shift 12
	IDENTIFIER  shift 16
	IRIREF  shift 13
	NAME  shift 6
	.  reduce 12 (src line 84)

	qname  goto 14
	raw_iriref  goto 11
	slash_separated_name  goto 15
	bnode  goto 10
	description  goto 5
	iriref  goto 9
	raw_subject  goto 8
	subject  goto 7
	squirtle  goto 1
	statements  goto 2
	statement  goto 3
	name_decl  goto 4

state 1
	$accept:  squirtle.$end 

	$end  accept
	.  error


state 2
	squirtle:  statements.EOF 
	statements:  statements.statement 
	raw_subject: .    (12)

	BNODE  shift 12
	EOF  shift 17
	IDENTIFIER  shift 16
	IRIREF  shift 13
	NAME  shift 6
	.  reduce 12 (src line 84)

	qname  goto 14
	raw_iriref  goto 11
	slash_separated_name  goto 15
	bnode  goto 10
	description  goto 5
	iriref  goto 9
	raw_subject  goto 8
	subject  goto 7
	statement  goto 18
	name_decl  goto 4

state 3
	statements:  statement.    (3)

	.  reduce 3 (src line 69)


state 4
	statement:  name_decl.    (4)

	.  reduce 4 (src line 71)


state 5
	statement:  description.    (5)

	.  reduce 5 (src line 72)


state 6
	name_decl:  NAME.raw_iriref AS IDENTIFIER 

	IDENTIFIER  shift 16
	IRIREF  shift 13
	.  error

	qname  goto 14
	raw_iriref  goto 19
	slash_separated_name  goto 15

state 7
	description:  subject.description_body 

	{  shift 21
	.  error

	description_body  goto 20

state 8
	subject:  raw_subject.    (9)

	.  reduce 9 (src line 80)


state 9
	raw_subject:  iriref.    (10)

	.  reduce 10 (src line 82)


state 10
	raw_subject:  bnode.    (11)

	.  reduce 11 (src line 83)


state 11
	iriref:  raw_iriref.    (34)

	.  reduce 34 (src line 121)


state 12
	bnode:  BNODE.IDENTIFIER 

	IDENTIFIER  shift 22
	.  error


state 13
	raw_iriref:  IRIREF.    (35)

	.  reduce 35 (src line 123)


state 14
	raw_iriref:  qname.    (36)

	.  reduce 36 (src line 124)


state 15
	raw_iriref:  slash_separated_name.    (37)

	.  reduce 37 (src line 125)


state 16
	raw_iriref:  IDENTIFIER.    (38)
	qname:  IDENTIFIER.: postfix_identifier 
	slash_separated_name:  IDENTIFIER.slashed_extensions 

	:  shift 23
	/  shift 26
	.  reduce 38 (src line 126)

	slashed_extension  goto 25
	slashed_extensions  goto 24

state 17
	squirtle:  statements EOF.    (1)

	.  reduce 1 (src line 66)


state 18
	statements:  statements statement.    (2)

	.  reduce 2 (src line 68)


state 19
	name_decl:  NAME raw_iriref.AS IDENTIFIER 

	AS  shift 27
	.  error


state 20
	description:  subject description_body.    (7)

	.  reduce 7 (src line 76)


state 21
	description_body:  {.predicate_object_list } 

	A  shift 32
	IDENTIFIER  shift 16
	IRIREF  shift 13
	*  shift 33
	.  error

	qname  goto 14
	raw_iriref  goto 11
	slash_separated_name  goto 15
	iriref  goto 31
	predicate  goto 30
	predicate_object_list  goto 28
	predicate_object  goto 29

state 22
	bnode:  BNODE IDENTIFIER.    (25)

	.  reduce 25 (src line 110)


state 23
	qname:  IDENTIFIER :.postfix_identifier 

	A  shift 36
	AS  shift 37
	FALSE  shift 38
	IDENTIFIER  shift 35
	NAME  shift 39
	TRUE  shift 40
	.  error

	postfix_identifier  goto 34

state 24
	slash_separated_name:  IDENTIFIER slashed_extensions.    (40)
	slashed_extensions:  slashed_extensions.slashed_extension 

	/  shift 26
	.  reduce 40 (src line 130)

	slashed_extension  goto 41

state 25
	slashed_extensions:  slashed_extension.    (42)

	.  reduce 42 (src line 133)


state 26
	slashed_extension:  /.postfix_identifier 

	A  shift 36
	AS  shift 37
	FALSE  shift 38
	IDENTIFIER  shift 35
	NAME  shift 39
	TRUE  shift 40
	.  error

	postfix_identifier  goto 42

state 27
	name_decl:  NAME raw_iriref AS.IDENTIFIER 

	IDENTIFIER  shift 43
	.  error


state 28
	description_body:  { predicate_object_list.} 
	predicate_object_list:  predicate_object_list.predicate_object 

	A  shift 32
	IDENTIFIER  shift 16
	IRIREF  shift 13
	}  shift 44
	*  shift 33
	.  error

	qname  goto 14
	raw_iriref  goto 11
	slash_separated_name  goto 15
	iriref  goto 31
	predicate  goto 30
	predicate_object  goto 45

state 29
	predicate_object_list:  predicate_object.    (14)

	.  reduce 14 (src line 87)


state 30
	predicate_object:  predicate.object_list 
	raw_subject: .    (12)

	BNODE  shift 12
	DECIMAL  shift 54
	DOUBLE  shift 55
	FALSE  shift 57
	IDENTIFIER  shift 16
	INTEGER  shift 53
	IRIREF  shift 13
	STRING  shift 52
	TRUE  shift 56
	.  reduce 12 (src line 84)

	qname  goto 14
	raw_iriref  goto 11
	slash_separated_name  goto 15
	bnode  goto 48
	description  goto 51
	iriref  goto 50
	literal  goto 49
	object  goto 47
	raw_subject  goto 8
	subject  goto 7
	object_list  goto 46

state 31
	predicate:  iriref.    (16)

	.  reduce 16 (src line 98)


state 32
	predicate:  A.    (17)

	.  reduce 17 (src line 99)


state 33
	predicate:  *.    (18)

	.  reduce 18 (src line 100)


state 34
	qname:  IDENTIFIER : postfix_identifier.    (39)

	.  reduce 39 (src line 128)


state 35
	postfix_identifier:  IDENTIFIER.    (44)

	.  reduce 44 (src line 137)


state 36
	postfix_identifier:  A.    (45)

	.  reduce 45 (src line 138)


state 37
	postfix_identifier:  AS.    (46)

	.  reduce 46 (src line 139)


state 38
	postfix_identifier:  FALSE.    (47)

	.  reduce 47 (src line 140)


state 39
	postfix_identifier:  NAME.    (48)

	.  reduce 48 (src line 141)


state 40
	postfix_identifier:  TRUE.    (49)

	.  reduce 49 (src line 142)


state 41
	slashed_extensions:  slashed_extensions slashed_extension.    (41)

	.  reduce 41 (src line 132)


state 42
	slashed_extension:  / postfix_identifier.    (43)

	.  reduce 43 (src line 135)


state 43
	name_decl:  NAME raw_iriref AS IDENTIFIER.    (6)

	.  reduce 6 (src line 74)


state 44
	description_body:  { predicate_object_list }.    (8)

	.  reduce 8 (src line 78)


state 45
	predicate_object_list:  predicate_object_list predicate_object.    (13)

	.  reduce 13 (src line 86)


state 46
	predicate_object:  predicate object_list.    (15)
	object_list:  object_list., object 

	,  shift 58
	.  reduce 15 (src line 89)


state 47
	object_list:  object.    (20)

	.  reduce 20 (src line 103)


state 48
	raw_subject:  bnode.    (11)
	object:  bnode.    (21)

	{  reduce 11 (src line 83)
	.  reduce 21 (src line 105)


state 49
	object:  literal.    (22)

	.  reduce 22 (src line 106)


state 50
	raw_subject:  iriref.    (10)
	object:  iriref.    (23)

	{  reduce 10 (src line 82)
	.  reduce 23 (src line 107)


state 51
	object:  description.    (24)

	.  reduce 24 (src line 108)


state 52
	literal:  STRING.    (26)
	literal:  STRING.@ IDENTIFIER 
	literal:  STRING.DT iriref 

	DT  shift 60
	@  shift 59
	.  reduce 26 (src line 112)


state 53
	literal:  INTEGER.    (29)

	.  reduce 29 (src line 115)


state 54
	literal:  DECIMAL.    (30)

	.  reduce 30 (src line 116)


state 55
	literal:  DOUBLE.    (31)

	.  reduce 31 (src line 117)


state 56
	literal:  TRUE.    (32)

	.  reduce 32 (src line 118)


state 57
	literal:  FALSE.    (33)

	.  reduce 33 (src line 119)


state 58
	object_list:  object_list ,.object 
	raw_subject: .    (12)

	BNODE  shift 12
	DECIMAL  shift 54
	DOUBLE  shift 55
	FALSE  shift 57
	IDENTIFIER  shift 16
	INTEGER  shift 53
	IRIREF  shift 13
	STRING  shift 52
	TRUE  shift 56
	.  reduce 12 (src line 84)

	qname  goto 14
	raw_iriref  goto 11
	slash_separated_name  goto 15
	bnode  goto 48
	description  goto 51
	iriref  goto 50
	literal  goto 49
	object  goto 61
	raw_subject  goto 8
	subject  goto 7

state 59
	literal:  STRING @.IDENTIFIER 

	IDENTIFIER  shift 62
	.  error


state 60
	literal:  STRING DT.iriref 

	IDENTIFIER  shift 16
	IRIREF  shift 13
	.  error

	qname  goto 14
	raw_iriref  goto 11
	slash_separated_name  goto 15
	iriref  goto 63

state 61
	object_list:  object_list , object.    (19)

	.  reduce 19 (src line 102)


state 62
	literal:  STRING @ IDENTIFIER.    (27)

	.  reduce 27 (src line 113)


state 63
	literal:  STRING DT iriref.    (28)

	.  reduce 28 (src line 114)


24 terminals, 23 nonterminals
50 grammar rules, 64/2000 states
0 shift/reduce, 0 reduce/reduce conflicts reported
72 working sets used
memory: parser 79/30000
25 extra closures
63 shift entries, 3 exceptions
37 goto entries
32 entries saved by goto default
Optimizer space used: output 83/30000
83 table entries, 0 zero
maximum spread: 24, maximum offset: 60
